<?xml version="1.0" encoding="UTF-8"?>
<coverage generated="1738163002514" clover="3.2.0">
  <project timestamp="1738163002515" name="All files">
    <metrics statements="20" coveredstatements="4" conditionals="2" coveredconditionals="0" methods="15" coveredmethods="2" elements="37" coveredelements="6" complexity="0" loc="20" ncloc="20" packages="2" files="3" classes="3"/>
    <package name="src">
      <metrics statements="16" coveredstatements="0" conditionals="2" coveredconditionals="0" methods="11" coveredmethods="0"/>
      <file name="App.jsx" path="C:/Users/Andrea/Desktop/test Betto/calcolatrice/src/App.jsx">
        <metrics statements="15" coveredstatements="0" conditionals="2" coveredconditionals="0" methods="11" coveredmethods="0"/>
        <line num="6" count="0" type="stmt"/>
        <line num="7" count="0" type="stmt"/>
        <line num="8" count="0" type="stmt"/>
        <line num="11" count="0" type="stmt"/>
        <line num="14" count="0" type="stmt"/>
        <line num="17" count="0" type="cond" truecount="0" falsecount="2"/>
        <line num="18" count="0" type="stmt"/>
        <line num="21" count="0" type="stmt"/>
        <line num="24" count="0" type="stmt"/>
        <line num="35" count="0" type="stmt"/>
        <line num="44" count="0" type="stmt"/>
        <line num="48" count="0" type="stmt"/>
        <line num="49" count="0" type="stmt"/>
        <line num="50" count="0" type="stmt"/>
        <line num="51" count="0" type="stmt"/>
      </file>
      <file name="main.jsx" path="C:/Users/Andrea/Desktop/test Betto/calcolatrice/src/main.jsx">
        <metrics statements="1" coveredstatements="0" conditionals="0" coveredconditionals="0" methods="0" coveredmethods="0"/>
        <line num="6" count="0" type="stmt"/>
      </file>
    </package>
    <package name="src.libs">
      <metrics statements="4" coveredstatements="4" conditionals="0" coveredconditionals="0" methods="4" coveredmethods="2"/>
      <file name="sum.js" path="C:/Users/Andrea/Desktop/test Betto/calcolatrice/src/libs/sum.js">
        <metrics statements="4" coveredstatements="4" conditionals="0" coveredconditionals="0" methods="4" coveredmethods="2"/>
        <line num="1" count="3" type="stmt"/>
        <line num="2" count="1" type="stmt"/>
        <line num="3" count="1" type="stmt"/>
        <line num="4" count="1" type="stmt"/>
      </file>
    </package>
  </project>
</coverage>
